<?xml version="1.0" encoding="UTF-8"?>
<!-- Generated by org.testng.reporters.JUnitXMLReporter -->
<testsuite ignored="0" hostname="LAPTOP-972JNURF" failures="0" tests="3" name="Default test" time="20.899" errors="0" timestamp="2026-02-20T16:01:07 IST">
  <testcase classname="com.crm.qa.tests.LoginTest" name="loginPageTitleTest" time="0.108"/>
  <testcase classname="com.crm.qa.tests.LoginTest" name="logoImageTest" time="0.395"/>
  <testcase classname="com.crm.qa.tests.LoginTest" name="loginTest" time="0.939"/>
</testsuite> <!-- Default test -->
