<?xml version="1.0" encoding="UTF-8"?>
<!-- Generated by org.testng.reporters.JUnitXMLReporter -->
<testsuite ignored="0" hostname="LAPTOP-972JNURF" failures="0" tests="3" name="Default test" time="12.438" errors="0" timestamp="2026-02-20T13:36:04 IST">
  <testcase classname="com.crm.qa.tests.LoginTest" name="loginPageTitleTest" time="0.092"/>
  <testcase classname="com.crm.qa.tests.LoginTest" name="logoImageTest" time="0.141"/>
  <testcase classname="com.crm.qa.tests.LoginTest" name="loginTest" time="0.618"/>
</testsuite> <!-- Default test -->
