<?xml version="1.0" encoding="UTF-8"?>
<testng-results ignored="0" total="3" passed="3" failed="0" skipped="0">
  <reporter-output>
  </reporter-output>
  <suite started-at="2026-02-20T16:00:46 IST" name="Default suite" finished-at="2026-02-20T16:01:07 IST" duration-ms="20899">
    <groups>
    </groups>
    <test started-at="2026-02-20T16:00:46 IST" name="Default test" finished-at="2026-02-20T16:01:07 IST" duration-ms="20899">
      <class name="com.crm.qa.tests.LoginTest">
        <test-method is-config="true" signature="setUp()[pri:0, instance:com.crm.qa.tests.LoginTest@45752059]" started-at="2026-02-20T16:00:47 IST" name="setUp" finished-at="2026-02-20T16:00:56 IST" duration-ms="9075" status="PASS">
          <reporter-output>
          </reporter-output>
        </test-method> <!-- setUp -->
        <test-method signature="loginPageTitleTest()[pri:1, instance:com.crm.qa.tests.LoginTest@45752059]" started-at="2026-02-20T16:00:56 IST" name="loginPageTitleTest" finished-at="2026-02-20T16:00:56 IST" duration-ms="108" status="PASS">
          <reporter-output>
          </reporter-output>
        </test-method> <!-- loginPageTitleTest -->
        <test-method is-config="true" signature="tearDown()[pri:0, instance:com.crm.qa.tests.LoginTest@45752059]" started-at="2026-02-20T16:00:56 IST" name="tearDown" finished-at="2026-02-20T16:00:57 IST" duration-ms="1336" status="PASS">
          <reporter-output>
          </reporter-output>
        </test-method> <!-- tearDown -->
        <test-method is-config="true" signature="setUp()[pri:0, instance:com.crm.qa.tests.LoginTest@45752059]" started-at="2026-02-20T16:00:57 IST" name="setUp" finished-at="2026-02-20T16:01:01 IST" duration-ms="3618" status="PASS">
          <reporter-output>
          </reporter-output>
        </test-method> <!-- setUp -->
        <test-method signature="logoImageTest()[pri:2, instance:com.crm.qa.tests.LoginTest@45752059]" started-at="2026-02-20T16:01:01 IST" name="logoImageTest" finished-at="2026-02-20T16:01:01 IST" duration-ms="395" status="PASS">
          <reporter-output>
          </reporter-output>
        </test-method> <!-- logoImageTest -->
        <test-method is-config="true" signature="tearDown()[pri:0, instance:com.crm.qa.tests.LoginTest@45752059]" started-at="2026-02-20T16:01:01 IST" name="tearDown" finished-at="2026-02-20T16:01:02 IST" duration-ms="1132" status="PASS">
          <reporter-output>
          </reporter-output>
        </test-method> <!-- tearDown -->
        <test-method is-config="true" signature="setUp()[pri:0, instance:com.crm.qa.tests.LoginTest@45752059]" started-at="2026-02-20T16:01:02 IST" name="setUp" finished-at="2026-02-20T16:01:06 IST" duration-ms="3452" status="PASS">
          <reporter-output>
          </reporter-output>
        </test-method> <!-- setUp -->
        <test-method signature="loginTest()[pri:3, instance:com.crm.qa.tests.LoginTest@45752059]" started-at="2026-02-20T16:01:06 IST" name="loginTest" finished-at="2026-02-20T16:01:07 IST" duration-ms="939" status="PASS">
          <reporter-output>
          </reporter-output>
        </test-method> <!-- loginTest -->
        <test-method is-config="true" signature="tearDown()[pri:0, instance:com.crm.qa.tests.LoginTest@45752059]" started-at="2026-02-20T16:01:07 IST" name="tearDown" finished-at="2026-02-20T16:01:07 IST" duration-ms="648" status="PASS">
          <reporter-output>
          </reporter-output>
        </test-method> <!-- tearDown -->
      </class> <!-- com.crm.qa.tests.LoginTest -->
    </test> <!-- Default test -->
  </suite> <!-- Default suite -->
</testng-results>
