<?xml version="1.0" encoding="UTF-8"?>
<testng-results ignored="0" total="3" passed="3" failed="0" skipped="0">
  <reporter-output>
  </reporter-output>
  <suite started-at="2026-02-20T13:35:52 IST" name="Default suite" finished-at="2026-02-20T13:36:04 IST" duration-ms="12438">
    <groups>
    </groups>
    <test started-at="2026-02-20T13:35:52 IST" name="Default test" finished-at="2026-02-20T13:36:04 IST" duration-ms="12438">
      <class name="com.crm.qa.tests.LoginTest">
        <test-method is-config="true" signature="setUp()[pri:0, instance:com.crm.qa.tests.LoginTest@45752059]" started-at="2026-02-20T13:35:52 IST" name="setUp" finished-at="2026-02-20T13:35:57 IST" duration-ms="5197" status="PASS">
          <reporter-output>
          </reporter-output>
        </test-method> <!-- setUp -->
        <test-method signature="loginPageTitleTest()[pri:1, instance:com.crm.qa.tests.LoginTest@45752059]" started-at="2026-02-20T13:35:57 IST" name="loginPageTitleTest" finished-at="2026-02-20T13:35:57 IST" duration-ms="92" status="PASS">
          <reporter-output>
          </reporter-output>
        </test-method> <!-- loginPageTitleTest -->
        <test-method is-config="true" signature="tearDown()[pri:0, instance:com.crm.qa.tests.LoginTest@45752059]" started-at="2026-02-20T13:35:57 IST" name="tearDown" finished-at="2026-02-20T13:35:58 IST" duration-ms="555" status="PASS">
          <reporter-output>
          </reporter-output>
        </test-method> <!-- tearDown -->
        <test-method is-config="true" signature="setUp()[pri:0, instance:com.crm.qa.tests.LoginTest@45752059]" started-at="2026-02-20T13:35:58 IST" name="setUp" finished-at="2026-02-20T13:36:00 IST" duration-ms="2227" status="PASS">
          <reporter-output>
          </reporter-output>
        </test-method> <!-- setUp -->
        <test-method signature="logoImageTest()[pri:2, instance:com.crm.qa.tests.LoginTest@45752059]" started-at="2026-02-20T13:36:00 IST" name="logoImageTest" finished-at="2026-02-20T13:36:00 IST" duration-ms="141" status="PASS">
          <reporter-output>
          </reporter-output>
        </test-method> <!-- logoImageTest -->
        <test-method is-config="true" signature="tearDown()[pri:0, instance:com.crm.qa.tests.LoginTest@45752059]" started-at="2026-02-20T13:36:00 IST" name="tearDown" finished-at="2026-02-20T13:36:00 IST" duration-ms="470" status="PASS">
          <reporter-output>
          </reporter-output>
        </test-method> <!-- tearDown -->
        <test-method is-config="true" signature="setUp()[pri:0, instance:com.crm.qa.tests.LoginTest@45752059]" started-at="2026-02-20T13:36:00 IST" name="setUp" finished-at="2026-02-20T13:36:03 IST" duration-ms="2536" status="PASS">
          <reporter-output>
          </reporter-output>
        </test-method> <!-- setUp -->
        <test-method signature="loginTest()[pri:3, instance:com.crm.qa.tests.LoginTest@45752059]" started-at="2026-02-20T13:36:03 IST" name="loginTest" finished-at="2026-02-20T13:36:04 IST" duration-ms="618" status="PASS">
          <reporter-output>
          </reporter-output>
        </test-method> <!-- loginTest -->
        <test-method is-config="true" signature="tearDown()[pri:0, instance:com.crm.qa.tests.LoginTest@45752059]" started-at="2026-02-20T13:36:04 IST" name="tearDown" finished-at="2026-02-20T13:36:04 IST" duration-ms="477" status="PASS">
          <reporter-output>
          </reporter-output>
        </test-method> <!-- tearDown -->
      </class> <!-- com.crm.qa.tests.LoginTest -->
    </test> <!-- Default test -->
  </suite> <!-- Default suite -->
</testng-results>
