<?xml version="1.0" encoding="UTF-8"?>
<!-- Generated by org.testng.reporters.JUnitReportReporter -->
<testsuite hostname="LAPTOP-972JNURF" failures="0" tests="3" name="com.crm.qa.tests.LoginTest" time="20.703" errors="0" timestamp="2026-02-20T16:01:08 IST" skipped="0">
  <testcase classname="com.crm.qa.tests.LoginTest" name="loginPageTitleTest" time="4.896"/>
  <testcase classname="com.crm.qa.tests.LoginTest" name="logoImageTest" time="10.602"/>
  <testcase classname="com.crm.qa.tests.LoginTest" name="loginTest" time="5.205"/>
</testsuite> <!-- com.crm.qa.tests.LoginTest -->
