<?xml version="1.0" encoding="UTF-8"?>
<!-- Generated by org.testng.reporters.JUnitReportReporter -->
<testsuite hostname="LAPTOP-972JNURF" failures="0" tests="3" name="com.crm.qa.tests.LoginTest" time="12.313" errors="0" timestamp="2026-02-20T13:36:04 IST" skipped="0">
  <testcase classname="com.crm.qa.tests.LoginTest" name="loginPageTitleTest" time="5.766"/>
  <testcase classname="com.crm.qa.tests.LoginTest" name="logoImageTest" time="2.838"/>
  <testcase classname="com.crm.qa.tests.LoginTest" name="loginTest" time="3.709"/>
</testsuite> <!-- com.crm.qa.tests.LoginTest -->
